INFO: 2024/08/06 04:37:07 sqlite.go:52: [34mConnected to the database[0m
INFO: 2024/08/06 04:37:07 sqlite.go:78: Database migrated
INFO: 2024/08/06 04:37:07 server.go:122: [34mThe server is listening at http://localhost:1111[0m
INFO: 2024/08/06 04:37:15 log.go:75: [33m   ________                    __[0m
INFO: 2024/08/06 04:37:15 log.go:76: [33m  / ____/ /___  ________  ____/ /[0m
INFO: 2024/08/06 04:37:15 log.go:77: [33m / /   / / __ \/ ___/ _ \/ __  / [0m
INFO: 2024/08/06 04:37:15 log.go:78: [33m/ /___/ / /_/ (__  )  __/ /_/ /  [0m
INFO: 2024/08/06 04:37:15 log.go:79: [33m\____/_/\____/____/\___/\__,_/   [0m
INFO: 2024/08/06 04:37:15 log.go:80: Database closed
INFO: 2024/08/06 04:37:15 log.go:81: Server closed
INFO: 2024/08/06 04:37:15 log.go:82: Logger closed
INFO: 2024/08/06 04:37:15 log.go:83: Goodbye!
INFO: 2024/08/06 04:41:30 log.go:66: [33m       __                 __   __                               [0m
INFO: 2024/08/06 04:41:30 log.go:67: [33m      / /___ _____  ___  / /  / /   ____  ____ _____ ____  _____[0m
INFO: 2024/08/06 04:41:30 log.go:68: [33m __  / / __ `/ __ \/ _ \/ /  / /   / __ \/ __ `/ __ `/ _ \/ ___/[0m
INFO: 2024/08/06 04:41:30 log.go:69: [33m/ /_/ / /_/ / / / /  __/ /  / /___/ /_/ / /_/ / /_/ /  __/ /    [0m
INFO: 2024/08/06 04:41:30 log.go:70: [33m\____/\__,_/_/ /_/\___/_/  /_____/\____/\__, /\__, /\___/_/     [0m
INFO: 2024/08/06 04:41:30 log.go:71: [33m                                       /____//____/             [0m
INFO: 2024/08/06 04:41:30 server.go:23: Starting the server...
INFO: 2024/08/06 04:41:30 sqlite.go:52: [34mConnected to the database[0m
INFO: 2024/08/06 04:41:30 sqlite.go:78: Database migrated
INFO: 2024/08/06 04:41:30 server.go:122: [34mThe server is listening at http://localhost:1111[0m
INFO: 2024/08/06 04:41:41 middleware.go:13: [34mRequest from [::1]:38908 to /api/v1/social-network/follower-count/1 [0m
INFO: 2024/08/06 04:41:41 followController.go:479: [34m 200 - Follower count get[0m
INFO: 2024/08/06 04:44:54 log.go:75: [33m   ________                    __[0m
INFO: 2024/08/06 04:44:54 log.go:76: [33m  / ____/ /___  ________  ____/ /[0m
INFO: 2024/08/06 04:44:54 log.go:77: [33m / /   / / __ \/ ___/ _ \/ __  / [0m
INFO: 2024/08/06 04:44:54 log.go:78: [33m/ /___/ / /_/ (__  )  __/ /_/ /  [0m
INFO: 2024/08/06 04:44:54 log.go:79: [33m\____/_/\____/____/\___/\__,_/   [0m
INFO: 2024/08/06 04:44:54 log.go:80: Database closed
INFO: 2024/08/06 04:44:54 log.go:81: Server closed
INFO: 2024/08/06 04:44:54 log.go:82: Logger closed
INFO: 2024/08/06 04:44:54 log.go:83: Goodbye!
INFO: 2024/08/07 12:41:10 log.go:66: [33m       __                 __   __                               [0m
INFO: 2024/08/07 12:41:10 log.go:67: [33m      / /___ _____  ___  / /  / /   ____  ____ _____ ____  _____[0m
INFO: 2024/08/07 12:41:10 log.go:68: [33m __  / / __ `/ __ \/ _ \/ /  / /   / __ \/ __ `/ __ `/ _ \/ ___/[0m
INFO: 2024/08/07 12:41:10 log.go:69: [33m/ /_/ / /_/ / / / /  __/ /  / /___/ /_/ / /_/ / /_/ /  __/ /    [0m
INFO: 2024/08/07 12:41:10 log.go:70: [33m\____/\__,_/_/ /_/\___/_/  /_____/\____/\__, /\__, /\___/_/     [0m
INFO: 2024/08/07 12:41:10 log.go:71: [33m                                       /____//____/             [0m
INFO: 2024/08/07 12:41:10 server.go:23: Starting the server...
INFO: 2024/08/07 12:41:10 sqlite.go:52: [34mConnected to the database[0m
INFO: 2024/08/07 12:41:10 sqlite.go:78: Database migrated
INFO: 2024/08/07 12:41:10 server.go:122: [34mThe server is listening at http://localhost:1111[0m
INFO: 2024/08/07 12:41:17 log.go:75: [33m   ________                    __[0m
INFO: 2024/08/07 12:41:17 log.go:76: [33m  / ____/ /___  ________  ____/ /[0m
INFO: 2024/08/07 12:41:17 log.go:77: [33m / /   / / __ \/ ___/ _ \/ __  / [0m
INFO: 2024/08/07 12:41:17 log.go:78: [33m/ /___/ / /_/ (__  )  __/ /_/ /  [0m
INFO: 2024/08/07 12:41:17 log.go:79: [33m\____/_/\____/____/\___/\__,_/   [0m
INFO: 2024/08/07 12:41:17 log.go:80: Database closed
INFO: 2024/08/07 12:41:17 log.go:81: Server closed
INFO: 2024/08/07 12:41:17 log.go:82: Logger closed
INFO: 2024/08/07 12:41:17 log.go:83: Goodbye!
INFO: 2024/08/07 13:13:50 log.go:75: [33m       __                 __   __                               [0m
INFO: 2024/08/07 13:13:50 log.go:76: [33m      / /___ _____  ___  / /  / /   ____  ____ _____ ____  _____[0m
INFO: 2024/08/07 13:13:50 log.go:77: [33m __  / / __ `/ __ \/ _ \/ /  / /   / __ \/ __ `/ __ `/ _ \/ ___/[0m
INFO: 2024/08/07 13:13:50 log.go:78: [33m/ /_/ / /_/ / / / /  __/ /  / /___/ /_/ / /_/ / /_/ /  __/ /    [0m
INFO: 2024/08/07 13:13:50 log.go:79: [33m\____/\__,_/_/ /_/\___/_/  /_____/\____/\__, /\__, /\___/_/     [0m
INFO: 2024/08/07 13:13:50 log.go:80: [33m                                       /____//____/             [0m
INFO: 2024/08/07 13:13:50 server.go:23: Starting the server...
INFO: 2024/08/07 13:13:50 sqlite.go:52: [34mConnected to the database[0m
INFO: 2024/08/07 13:13:50 sqlite.go:78: Database migrated
INFO: 2024/08/07 13:13:50 server.go:122: [34mThe server is listening at http://localhost:1111[0m
INFO: 2024/08/07 13:13:54 log.go:84: [33m   ________                    __[0m
INFO: 2024/08/07 13:13:54 log.go:85: [33m  / ____/ /___  ________  ____/ /[0m
INFO: 2024/08/07 13:13:54 log.go:86: [33m / /   / / __ \/ ___/ _ \/ __  / [0m
INFO: 2024/08/07 13:13:54 log.go:87: [33m/ /___/ / /_/ (__  )  __/ /_/ /  [0m
INFO: 2024/08/07 13:13:54 log.go:88: [33m\____/_/\____/____/\___/\__,_/   [0m
INFO: 2024/08/07 13:13:54 log.go:89: Database closed
INFO: 2024/08/07 13:13:54 log.go:90: Server closed
INFO: 2024/08/07 13:13:54 log.go:91: Logger closed
INFO: 2024/08/07 13:13:54 log.go:92: Goodbye!
INFO: 2024/08/07 13:52:17 log.go:75: [33m       __                 __   __                               [0m
INFO: 2024/08/07 13:52:17 log.go:76: [33m      / /___ _____  ___  / /  / /   ____  ____ _____ ____  _____[0m
INFO: 2024/08/07 13:52:17 log.go:77: [33m __  / / __ `/ __ \/ _ \/ /  / /   / __ \/ __ `/ __ `/ _ \/ ___/[0m
INFO: 2024/08/07 13:52:17 log.go:78: [33m/ /_/ / /_/ / / / /  __/ /  / /___/ /_/ / /_/ / /_/ /  __/ /    [0m
INFO: 2024/08/07 13:52:17 log.go:79: [33m\____/\__,_/_/ /_/\___/_/  /_____/\____/\__, /\__, /\___/_/     [0m
INFO: 2024/08/07 13:52:17 log.go:80: [33m                                       /____//____/             [0m
INFO: 2024/08/07 13:52:17 server.go:23: Starting the server...
INFO: 2024/08/07 13:52:17 sqlite.go:52: [34mConnected to the database[0m
INFO: 2024/08/07 13:52:18 sqlite.go:78: Database migrated
INFO: 2024/08/07 13:52:18 server.go:122: [34mThe server is listening at http://localhost:1111[0m
INFO: 2024/08/07 13:52:31 middleware.go:13: [34mRequest from [::1]:32834 to / [0m
INFO: 2024/08/07 13:52:31 middleware.go:13: [34mRequest from [::1]:32834 to /favicon.ico [0m
INFO: 2024/08/07 13:55:59 middleware.go:13: [34mRequest from [::1]:36248 to /api/v1/social-network/follower-count/1 [0m
INFO: 2024/08/07 13:55:59 followController.go:479: [34m 200 - Follower count get[0m
INFO: 2024/08/07 13:56:09 middleware.go:13: [34mRequest from [::1]:36248 to /api/v1/social-network/following-count/1 [0m
INFO: 2024/08/07 13:56:09 followController.go:526: [34m 200 - Following count get[0m
INFO: 2024/08/07 13:59:32 log.go:84: [33m   ________                    __[0m
INFO: 2024/08/07 13:59:32 log.go:85: [33m  / ____/ /___  ________  ____/ /[0m
INFO: 2024/08/07 13:59:32 log.go:86: [33m / /   / / __ \/ ___/ _ \/ __  / [0m
INFO: 2024/08/07 13:59:32 log.go:87: [33m/ /___/ / /_/ (__  )  __/ /_/ /  [0m
INFO: 2024/08/07 13:59:32 log.go:88: [33m\____/_/\____/____/\___/\__,_/   [0m
INFO: 2024/08/07 13:59:32 log.go:89: Database closed
INFO: 2024/08/07 13:59:32 log.go:90: Server closed
INFO: 2024/08/07 13:59:32 log.go:91: Logger closed
INFO: 2024/08/07 13:59:32 log.go:92: Goodbye!
